[    0000000] Linux version 4.15.0-66-generic (buildd@lgw01amd64-04) (gcc version 7.4.0 (Ubuntu 7.4.-1ubuntu1~18.04.1))#75-Ubuntu SMP Tue Oct 1 05:24:09 UTC 2019 (Ubuntu 4.15.0-66.75-generic 4.15.18)
[    0.000000] Command line: BOOT_IMAGE=/boot/vmlinuz-4.15.0-66-generic root=UUID=90193a21-ad75-443-940a5b85d91242a  console=tty1 consoe=ttS0
[    0.0000] KENEL supported cus:
[    0.000000]   Intel GenuineIntel
[    0.000000]   AM AutenticAMD
   0.000000]   ntaur CentaurHauls
  0.000000] x86/fpu:Suporting XSAVE feature 0x001: 'x87 floatngointrester'[    0.00000] x86/puSupporinXSAV fture 0x002: 'SSE registers'
[    0.000000] x886/fpu: Supporting XSAVE feature 0x004: 'AVX registers'
[    0.000000] x86/fpu: xstate_offset[2]:  576, xstate_sizes[2]:  256
[    0.000000] x86/fpu: Enabled xstate features 0x7, context size is 832 bytes, using 'standard' format.
[    0.000000] e820: BIOS-provided physical RAM map:
[    0.000000] BIOS-e820: [mem 0x0000000000000000-0x000000000009fbff] usable
[    0.000000] BIOS-e820: [mem 0x000000000009fc00-0x000000000009ffff] reserved
[    0.000000] BIOS-e820: [mem 0x00000000000f0000-0x00000000000fffff] reserved
[    0.000000] BIOS-e820: [mem 0x0000000000100000-0x00000003feffff] usabl
[  0.000000 BOS-e20: em x0000003fff0000-00000003fffffff] ACPI data
[    0.000000] BIOS-e820: [mem 0x00000000fec00000-0x00000000fec00fff] reserved
[    0.000000] BIOS-e820: [mem 0x00000000fee00000-0x00000000fee00fff] reserved
[    0.000000] BIOS-e820: [mem 0x00000000fffc0000-0x00000000ffffffff] reserved
[    0.000000] NX (Execute Disable) protection: active
[    0.000000] SMBIOS 2.5 present.
[    0.000000] DMI: innotek GmbH VirtualBox/VirtualBox, BIOS VirtualBox 12/01/2006
[    0.000000] Hypeisor detected: KVM
[    0.000000] e820: last_pfn = 0x3fff0 max_arch_pfn = 0x400000000
[    0.000000] MTRR: Disabled
[    0.000000] x86/PAT: MTRRs disabled, skipping PAT initialization too.
[    0.000000] CPU MTRRs all blank - virtualized system.
[    0.000000] x86/PAT: Configuration [0-7]: WB  WT  UC- UC  WB  WT  UC- UC  
[    0.000000] found SMP MP-table at [mem 0x0009fff0-0x0009ffff]
[    0.000000] Scanning 1 areas for low memory corruption
[    0.00000] RAMDISK: [mem 0x3983000-0x36cb8fff]
    .000000] ACPI: Early talechecksum erification disabled
[    0.000000] ACPI: RSDP 0x00000000000E0000 000024 (v02 VBOX 
[   0.0000]ACP XSD 0x000000003FFF0030 00003C (v01 VBOX   VBOXXSDT 00000001 ASL  00000061)
[    0.000000] ACPI: FACP 0x000000003FFF00F0 0000F4 (v04 VOX VBOXFCP0000000AS  000006)
[  0.0000] PI: DST x000003FFF70 002FFv02 VOX VBOXBOS0000002 INTL 20100528)
    0.000000] ACPI: FACS 0x000000003FFF0200 000040
[    0.000000 ACPI: FACS 0x000000003FFF0200 000040
[    0.000000] ACPI: APIC 0x000000003FFF0240 00005C (v02 VBOX   VBOXAPIC 00000001 ASL  00000061)
[    0.000000] ACPI: SSDT 0x000000003FFF02A0 0001CC (v01 VBOX   VBOXCPUT 00000002 INTL 20100528)
[    0.000000] No NUMA configuration found
[    0.000000] Faking a node at [mem 0x0000000000000000-0x000000003ffeffff]
[    0.000000] NODE_DATA(0) allocated [mem 0x3ffc5000-0x3ffeffff]
[    0.000000] kvm-clock: cu 0, msr 0:3ff44001, primary cpu clock
[    0.000000] kvm-clock: Using msrs 4b564d01 and 4b564d00
[    0.000000] kvm-clock: using sched offset of 4020840588 cycles
[    0.000000] clocksource: kvm-clock: mask: 0xffffffffffffffff max_cycles: 0x1cd42e4dffb, max_idle_ns: 881590591483 ns
[    0.000000] Zone ranges:
[    0.000000]   DMA      [mem 0x0000000000001000-0x0000000000fffff]
[  0000000  DMA3  [mem 0x0000000000-0x0000000ffeffff]
[   0.00000]  Noral empty
[   .000000]   Dvi   empy[   0.0000] ovle zne start for each node
[    0.00000] Early memory node rnges
[    0.000000]   node   0: [mem 0x0000000000001000-0x000000000009efff]
[    0.000000]   node   0: [mem 0x0000000000100000-0x000000003ffeffff]
[    0.000000] Reserved but unavailable: 98 pages
[    0.000000] Initmem setup node 0 [mem 0x0000000000001000-0x000000003ffeffff]
[    0.000000] ACPI: PM-Timer IO Port: 0x4008
[    0.000000] IOAPIC[0]: apic_id 2, version 32, address 0xfec00000, GSI 0-23
[    0.000000] ACPI: INT_SRC_OVR (bus 0 bus_irq 0 global_irq 2 dfl dfl)
[    0.000000] ACPI: INT_SRC_OVR (bus 0 bus_irq 9 global_irq 9 low level)
[    0.000000] Using ACPI (MADT) for SMP configuration information
[    0.000000] smpboot: Allowing 2 CPUs, 0 hotplug CPUs
[    0.000000] PM: Registered nosave memory: [mem 0x00000000-0x00000fff]
[    0.000000] PM: Registered nosave memory: [mem 0x0009f000-0x0009ffff]
[    0.000000] PM: Registered nosave memory: [mem 0x000a0000-0x000effff]
[    0.000000] PM: Registered nosave memory: [mem 0x000f0000-0x000fffff]
[    0.000000] e820: [mem 0x40000000-0xfebfffff] available for PCI devices
[    0.000000Booting paravirtualized ernel on KVM
[    0.000000] clocksource: refined-jiffies: mask: 0xffffffff max_cycles: 0xffffffff, max_idle_ns: 7645519600211568 ns
[    0.000000] random: get_random_bytes called from star_kernel+0x99/0x4fd with crng_init=0
[    0.000000] setup_percpu: NR_CPUS:8192 nr_cpumask_bits: nr_cpu_id:2 nr_node_ids:1
[    0.000000] percpu: Embeded 46 pages/cpu s151552 r8192 d28672 u1048576
[    0.000000] PV qspinlock hash table entries: 256 (order: 0, 4096 bytes)
[    0.000000] Built 1 zonelists, mobility grouping on.  Total pages: 257913
[    0.000000] Policy zone: DMA32
[    0.00000] Kernel command line: BOOT_IMAGE=/boot/vmlinuz-4.15.0-66-generic root=UUID=90193a21-ad75-4d43-940a-5b85d91242ba ro console=tty1 console=ttyS0
[    0.000000] Memory: 982908K/1048120K available (12300K kernel code, 2481K rwdata, 4260K rodata, 2436K init, 2388K bss, 65212K reserved, 0K cma-reserved)
[    0.000000] SLUB: HWalign=4, Order=0-3, MinObjects=0, CPUs=2, Nodes=1
[    0.000000] Kernel/User page tables isolation: enabled
[    0.000000] ftrace: allocating 39306 entries in 154 pages
[    0.004000] Hierarchical RCU implementation.
[    0.004000] 	RCU restricting CPUs from NR_CPUS=8192 to nr_cpu_ids=2.
[    0.004000] 	Tasks RCU enabled.
[    0.004000] RCU: Adjusting geometry for rcu_fanout_leaf=16, nr_cpu_ids=2
[    0.004000] R_IRQS: 524544, nr_irqs: 440, preallocated irqs: 16
[    0.004000] Console: olourGA+ 8025
[   0.4000 consoe [ty1enable
   0.00400 console [ttS0] nabld
[    000000]CP: Coreresion 201081
[    0.00400] API2 ACPI AL blessuessfuly quired ad loaded
[    0.004000] APIC: Switch to symmetric I/O mode setup
[    0.004000] x2apic enabled
[    0.004000] Switched APIC routing to physical x2apic.
[    0.004000] ..TIMER: vector=0x30 apic1=0 pin1=2 apic2=-1 pin2=-1
[    0.004004] tsc: Detected 2400.000 MHz processor
[    0.005178] Calibrating delay loop (skipped) preset value.. 4800.00 BogoMIPS (lpj=9600000)
[    0.008003] pid_max: default: 32768 minimum: 301
[    0.009003] Security Framework initialized
[    0.009898] Yama: becoming mindful.
[    0.012042] AppArmor: AppArmor initialized
[    0.017563] Dentry cache hash table entries: 131072 (order: 8, 1048576 bytes)
[    0.020084] Inode-cache hash table entries: 65536 (order: 7, 524288 bytes)
[    0.024028] Mount-cache hash table entries: 2048 (order: 2, 16384 bytes)
[    0.028019] Mountpoint-cache hash table entries: 2048 (order: 2, 16384 bytes)
[    0.032235] Last level iTLB entries: 4KB 64, 2MB 8, 4MB 8
[    0.036007] Last level dTLB entries: 4KB 64, 2MB 0, 4MB 0, 1GB 4
[    0.040008] Spectre V1 : Mitigation: usercopy/swapgs barriers and __user pointer sanitization
[    0.044008] Spectre V2 : Mitigation: Full generic retpoline
[    0.048007] Spectre V2 : Spectre v2 / SpectreRSB mitigation: Filling RSB on context switch
[    0.049818] Speculative Store Bypass: Vulnerable
[    0.050936] MDS: Vulnerable: Clear CPU buffers attempted, no microcode
[    0.052150] Freeing SMP alternatives memory: 36K
[    0.162733] smpboot: CPU0: Intel(R) Core(TM) i5-8279U CPU @ 2.40GHz (family: 0x6, model: 0x8e, stepping: 0xa)
[    0.164096] Performance Events: unsupported p6 CPU model 142 no PMU driver, software events only.
[    0.168069] Hierarchical SRCU implementation.
[    0.172566] NMI watchdog: Perf event create on CPU 0 failed with -2
[    0.176009] NMI watchdog: Perf NMI watchdog permanently disabled
[    0.180102] smp: Bringing up secondary CPUs ...
[    0.184114] x86: Booting SMP configuration:
[    0.188008] .... node  #0, CPUs:      #1
[    0.004000] kvm-clock: cpu 1, msr 0:3ff44041, secondary cpu clock
[    0.316148] smp: Brought up 1 node, 2 CPUs
[    0.320019] smpboot: Max logical packages: 1
[    0.321074] smpboot: Total of 2 processors activated (9600.00 BogoMIPS)
[    0.322664] devtmpfs: initialized
[    0.324047] x86/mm: Memory block size: 128MB
[    0.328134] evm: security.selinux
[    0.328984] evm: security.SMACK64
[    0.329787] evm: security.SMACK64EXEC
[    0.330662] evm: security.SMACK64TRANSMUTE
[    0.331629] evm: security.SMACK64MMAP
[    0.332002] evm: security.apparmor
[    0.332885] evm: security.ima
[    0.333655] evm: security.capability
[    0.334632] clocksource: jiffies: mask: 0xffffffff max_cycles: 0xffffffff, max_idle_ns: 7645041785100000 ns
[    0.336012] futex hash table entries: 512 (order: 3, 32768 bytes)
[    0.341660] pinctrl core: initialized pinctrl subsystem
[    0.342999] RTC time: 22:20:15, date: 10/30/19
[    0.344165] NET: Registered protocol family 16
[    0.345228] audit: initializing netlink subsys (disabled)
[    0.346549] audit: type=2000 audit(1572474014.339:1): state=initialized audit_enabled=0 res=1
[    0.348006] cpuidle: using governor ladder
[    0.348961] cpuidle: using governor menu
[    0.349880] ACPI: bus type PCI registered
[    0.350660] acpiphp: ACPI Hot Plug PCI Controller Driver version: 0.5
[    0.352097] PCI: Using configuration type 1 for base access
[    0.353172] HugeTLB registered 2.00 MiB page size, pre-allocated 0 pages
[    0.356121] ACPI: Added _OSI(Module Device)
[    0.360008] ACPI: Added _OSI(Processor Device)
[    0.364008] ACPI: Added _OSI(3.0 _SCP Extensions)
[    0.368007] ACPI: Added _OSI(Processor Aggregator Device)
[    0.372009] ACPI: Added _OSI(Linux-Dell-Video)
[    0.376011] ACPI: Added _OSI(Linux-Lenovo-NV-HDMI-Audio)
[    0.380010] ACPI: Added _OSI(Linux-HPI-Hybrid-Graphics)
[    0.384374] ACPI: Executed 1 blocks of module-level executable AML code
[    0.394247] ACPI: Interpreter enabled
[    0.396044] ACPI: (supports S0 S5)
[    0.400007] ACPI: Using IOAPIC for interrupt routing
[    0.404214] PCI: Using host bridge windows from ACPI; if necessary, use "pci=nocrs" and report a bug
[    0.408308] ACPI: Enabled 2 GPEs in block 00 to 07
[    0.421840] ACPI: PCI Root Bridge [PCI0] (domain 0000 [bus 00-ff])
[    0.423328] acpi PNP0A03:00: _OSC: OS supports [ASPM ClockPM Segments MSI]
[    0.424023] acpi PNP0A03:00: _OSC: not requesting OS control; OS requires [ExtendedConfig ASPM ClockPM MSI]
[    0.426293] acpi PNP0A03:00: fail to add MMCONFIG information, can't access extended PCI configuration space under this bridge.
[    0.428402] PCI host bridge to bus 0000:00
[    0.429322] pci_bus 0000:00: root bus resource [io  0x0000-0x0cf7 window]
[    0.432003] pci_bus 0000:00: root bus resource [io  0x0d00-0xffff window]
[    0.433527] pci_bus 0000:00: root bus resource [mem 0x000a0000-0x000bffff window]
[    0.435210] pci_bus 0000:00: root bus resource [mem 0x40000000-0xfdffffff window]
[    0.436003] pci_bus 0000:00: root bus resource [bus 00-ff]
[    0.441819] pci 0000:00:01.1: legacy IDE quirk: reg 0x10: [io  0x01f0-0x01f7]
[    0.443490] pci 0000:00:01.1: legacy IDE quirk: reg 0x14: [io  0x03f6]
[    0.444003] pci 0000:00:01.1: legacy IDE quirk: reg 0x18: [io  0x0170-0x0177]
[    0.445624] pci 0000:00:01.1: legacy IDE quirk: reg 0x1c: [io  0x0376]
[    0.464648] pci 0000:00:07.0: quirk: [io  0x4000-0x403f] claimed by PIIX4 ACPI
[    0.468029] pci 0000:00:07.0: quirk: [io  0x4100-0x410f] claimed by PIIX4 SMB
[    0.484012] ACPI: PCI Interrupt Link [LNKA] (IRQs 5 9 10 *11)
[    0.488286] ACPI: PCI Interrupt Link [LNKB] (IRQs 5 9 *10 11)
[    0.492144] ACPI: PCI Interrupt Link [LNKC] (IRQs 5 *9 10 11)
[    0.496165] ACPI: PCI Interrupt Link [LNKD] (IRQs 5 9 10 *11)
[    0.500404] SCSI subsystem initialized
[    0.504102] pci 0000:00:02.0: vgaarb: setting as boot VGA device
[    0.508000] pci 0000:00:02.0: vgaarb: VGA device added: decodes=io+mem,owns=io+mem,locks=none
[    0.508013] pci 0000:00:02.0: vgaarb: bridge control possible
[    0.512008] vgaarb: loaded
[    0.516053] ACPI: bus type USB registered
[    0.520025] usbcore: registered new interface driver usbfs
[    0.524072] usbcore: registered new interface driver hub
[    0.528036] usbcore: registered new device driver usb
[    0.532102] EDAC MC: Ver: 3.0.0
[    0.533145] PCI: Using ACPI for IRQ routing
[    0.536419] NetLabel: Initializing
[    0.537193] NetLabel:  domain hash size = 128
[    0.538303] NetLabel:  protocols = UNLABELED CIPSOv4 CALIPSO
[    0.539671] NetLabel:  unlabeled traffic allowed by default
[    0.540084] clocksource: Switched to clocksource kvm-clock
[    0.553209] VFS: Disk quotas dquot_6.6.0
[    0.554755] VFS: Dquot-cache hash table entries: 512 (order 0, 4096 bytes)
[    0.556517] AppArmor: AppArmor Filesystem Enabled
[    0.557660] pnp: PnP ACPI init
[    0.559738] pnp: PnP ACPI: found 3 devices
[    .594 closoceac_pm:ma: 0xfffmacyes0xfff, max_idl_n 25702ns
  1.35] T:egistered protocol family 2

[    1.609307] TCP established hash table entries: 8192 (order: 4, 65536 bytes)
[    1.616484] TCP bind hash table entries: 8192 (order: 5, 131072 bytes)
[    1.620513] TCP: Hash tables configured (established 8192 bind 8192)
[   1.62219] UDP hash table entries: 512 (order: 2, 16384 bytes)
[    1.678585] UDP-Lite hash table entries: 512 (order: 2, 16384 bytes)
[    1.679874] NET: Registered protocol family 1
[    1.681200] pci 0000:00:00.0: Limiting direct PCI/PCI transfers
[    6871pc00:001.0AcvangSAMAha workarounds
[    2.194132] pci 0000:00:02.0: Video device with shadowed ROM at [mem 0x000c0000-0x000dffff]

[    2.196303] Unpacking initramfs...
[    2.431768] Freeing initrd memory: 19672K
[    2.532642] clocksource: tsc: mask: 0xffffffffffffffff max_cycles: 0x22983777dd9, max_idle_ns: 440795300422 ns
[    2.716667] platform rtc_cmos: registered platform RTC device (no PNP device found)
[    2.722228] Scanning for low memory corruption every 60 seconds
[    2.724424] Initialise system trusted keyrings
[    2.725374] Key type blacklist registered
[    2.726346] workingset: timestamp_bits=36 max_order=18 bucket_order=0
[    2.729599] zbud: loaded
[    2.730761] squashfs: version 4.0 (2009/01/31) Phillip Lougher
[    2.733427] fuse init (API version 7.26)
[    2.737549] Key type asymmetric registered
[    2.740651] Asymmetric key parser 'x509' registered
[    2.741866] Block layer SCSI generic (bsg) driver version 0.4 loaded (major 246)
[    2.746087] io scheduler noop registered
[    2.748698] io scheduler deadline registered
[    2.749764] io scheduler cfq registered (default)
[    2.751410] ACPI: AC Adapter [AC] (off-line)
[    2.752604] input: Power Button as /devices/LNXSYSTM:00/LNXPWRBN:00/input/input0
[    2.754551] ACPI: Power Button [PWRF]
[    2.755407] input: Sleep Button as /devices/LNXSYSTM:00/LNXSLPBN:00/input/input1
[    2.756839] ACPI: Sleep Button [SLPF]
[    2.758759] ACPI: Battery Slot [BAT0] (battery present)
[    2.759766] Serial: 8250/16550 driver, 32 ports, IRQ sharing enabled
[    2.785274] 00:02: ttyS0 at I/O 0x3f8 (irq = 4, base_baud = 115200) is a 16550A
[    2.903824] Linux agpgart interface v0.103
[    2.908476] loop: module loaded
[    2.909627] scsi host0: ata_piix
[    2.910528] scsi host1: ata_piix
[    2.924983] ata1: PATA max UDMA/33 cmd 0x1f0 ctl 0x3f6 bmdma 0xd000 irq 14
[    2.941063] ata2: PATA max UDMA/33 cmd 0x170 ctl 0x376 bmdma 0xd008 irq 15
[    2.943172] libphy: Fixed MDIO Bus: probed
[    2.944284] tun: Universal TUN/TAP device driver, 1.6
[    2.945504] PPP generic driver version 2.4.2
[    2.946764] ehci_hcd: USB 2.0 'Enhanced' Host Controller (EHCI) Driver
[    2.948362] ehci-pci: EHCI PCI platform driver
[    2.949399] ehci-platform: EHCI generic platform driver
[    2.950665] ohci_hcd: USB 1.1 'Open' Host Controller (OHCI) Driver
[    2.952120] ohci-pci: OHCI PCI platform driver
[    2.957217] ohci-platform: OHCI generic platform driver
[    2.958528] uhci_hcd: USB Universal Host Controller Interface driver
[    2.959990] i8042: PNP: PS/2 Controller [PNP0303:PS2K,PNP0f03:PS2M] at 0x60,0x64 irq 1,12
[    2.966126] serio: i8042 KBD port at 0x60,0x64 irq 1
[    2.967439] serio: i8042 AUX port at 0x60,0x64 irq 12
[    2.969935] mousedev: PS/2 mouse device common for all mice
[    2.972159] rtc_cmos rtc_cmos: rtc core: registered rtc_cmos as rtc0
[    2.973581] input: AT Translated Set 2 keyboard as /devices/platform/i8042/serio0/input/input2
[    2.975724] rtc_cmos rtc_cmos: alarms up to one day, 114 bytes nvram
[    2.977401] i2c /dev entries driver
[    2.978244] device-mapper: uevent: version 1.0.3
[    2.979218] device-mapper: ioctl: 4.37.0-ioctl (2017-09-20) initialised: dm-devel@redhat.com
[    2.980894] ledtrig-cpu: registered to indicate activity on CPUs
[    2.982607] NET: Registered protocol family 10
[    2.986519] Segment Routing with IPv6
[    3.010026] NET: Registered protocol family 17
[    3.021309] Key type dns_resolver registered
[    3.024792] mce: Using 0 MCE banks
[    3.025712] RAS: Correctable Errors collector initialized.
[    3.026928] sched_clock: Marking stable (3024771440, 0)->(11613228511, -8588457071)
[    3.029533] registered taskstats version 1
[    3.030568] Loading compiled-in X.509 certificates
[    3.052508] Loaded X.509 cert 'Build time autogenerated kernel key: 01a66adcc10ca4ce7676a3458c33483b0e2b806e'
[    3.058652] zswap: loaded using pool lzo/zbud
[    3.068920] Key type big_key registered
[    3.070080] Key type trusted registered
[    3.072748] Key type encrypted registered
[    3.073650] AppArmor: AppArmor sha1 policy hashing enabled
[    3.075097] ima: No TPM chip found, activating TPM-bypass! (rc=-19)
[    3.076322] ima: Allocated hash algorithm: sha1
[    3.077211] evm: HMAC attrs: 0x1
[    3.078150]   Magic number: 7:885:351
[    3.078955] rtc_cmos rtc_cmos: setting system clock to 2019-10-30 22:20:19 UTC (1572474019)
[    3.080730] BIOS EDD facility v0.16 2004-Jun-25, 0 devices found
[    3.081858] EDD information not available.
[    3.104902] Freeing unused kernel image memory: 2436K
[    3.228542] Write protecting the kernel read-only data: 20480k
[    4.198983] Freeing unused kernel image memory: 2008K
[    4.270617] Freeing unused kernel image memory: 1884K
[    4.354032] x86/mm: Checked W+X mappings: passed, no W+X pages found.
[    4.468624] x86/mm: Checking user space page tables
[    4.568165] x86/mm: Checked W+X mappings: passed, no W+X pages found.
Loading, please wait...
starting version 237
[    4.714232] e1000: Intel(R) PRO/1000 Network Driver - version 7.3.21-k8-NAPI
[    4.824672] e1000: Copyright (c) 1999-2006 Intel Corporation.
[    4.885814] Fusion MPT base driver 3.04.20
[    4.888810] Copyright (c) 1999-2008 LSI Corporation
[    4.897142] Fusion MPT SPI Host driver 3.04.20
[    4.912599] AVX2 version of gcm_enc/dec engaged.
[    4.914046] AES CTR mode by8 optimization enabled
[    5.104089] input: ImExPS/2 Generic Explorer Mouse as /devices/platform/i8042/serio1/input/input4
[    5.284946] e1000 0000:00:03.0 eth0: (PCI:33MHz:32-bit) 02:cc:50:df:d9:b9
[    6.045776] e1000 0000:00:03.0 eth0: Intel(R) PRO/1000 Network Connection
[    7.311893] mptbase: ioc0: Initiating bringup
[    8.060555] ioc0: LSI53C1030 A0: Capabilities={Initiator}
[    9.462277] scsi host2: ioc0: LSI53C1030 A0, FwRev=00000000h, Ports=1, MaxQ=256, IRQ=20
[   11.289353] scsi 2:0:0:0: Direct-Access     VBOX     HARDDISK         1.0  PQ: 0 ANSI: 5
[   11.652506] scsi target2:0:0: Beginning Domain Validation
[   11.681160] e1000 0000:00:08.0 eth1: (PCI:33MHz:32-bit) 08:00:27:91:51:f9
[   12.750256] e1000 0000:00:08.0 eth1: Intel(R) PRO/1000 Network Connection
[   13.807739] e1000 0000:00:03.0 enp0s3: renamed from eth0
[   13.903959] scsi target2:0:0: Domain Validation skipping write tests
[   13.905169] scsi target2:0:0: Ending Domain Validation
[   13.906255] scsi target2:0:0: asynchronous
[   13.907874] scsi 2:0:1:0: Direct-Access     VBOX     HARDDISK         1.0  PQ: 0 ANSI: 5
[   13.912544] e1000 0000:00:08.0 enp0s8: renamed from eth1
[   13.936759] scsi target2:0:1: Beginning Domain Validation
[   14.212234] random: fast init done
[   14.213943] scsi target2:0:1: Domain Validation skipping write tests
[   14.215111] scsi target2:0:1: Ending Domain Validation
[   14.216137] scsi target2:0:1: asynchronous
[   14.220486] random: systemd-udevd: uninitialized urandom read (16 bytes read)
[   14.221802] random: systemd-udevd: uninitialized urandom read (16 bytes read)
[   14.223099] random: systemd-udevd: uninitialized urandom read (16 bytes read)
[   14.243529] sd 2:0:0:0: Attached scsi generic sg0 type 0
[   14.306367] sd 2:0:1:0: Attached scsi generic sg1 type 0
[   14.389853] sd 2:0:0:0: [sda] 20971520 512-byte logical blocks: (10.7 GB/10.0 GiB)
[   14.635325] sd 2:0:1:0: [sdb] 20480 512-byte logical blocks: (10.5 MB/10.0 MiB)
[   14.637011] sd 2:0:0:0: [sda] Write Protect is off
[   14.638244] sd 2:0:1:0: [sdb] Write Protect is off
[   14.639721] sd 2:0:1:0: [sdb] Incomplete mode parameter data
[   14.641172] sd 2:0:1:0: [sdb] Assuming drive cache: write through
[   14.641203] sd 2:0:0:0: [sda] Incomplete mode parameter data
[   14.644772] sd 2:0:0:0: [sda] Assuming drive cache: write through
[   14.647929]  sda: sda1
[   14.649799] sd 2:0:0:0: [sda] Attached SCSI disk
[   14.651083] sd 2:0:1:0: [sdb] Attached SCSI disk
Begin: Loading essential drivers ... [   16.012032] raid6: sse2x1   gen() 13849 MB/s
[   16.108215] raid6: sse2x1   xor() 10242 MB/s
[   16.212320] raid6: sse2x2   gen() 17091 MB/s
[   16.324225] raid6: sse2x2   xor() 11619 MB/s
[   16.428224] raid6: sse2x4   gen() 19976 MB/s
[   16.528162] raid6: sse2x4   xor() 12329 MB/s
[   16.648251] raid6: avx2x1   gen() 27735 MB/s
[   16.756522] raid6: avx2x1   xor() 18845 MB/s
[   16.832049] raid6: avx2x2   gen() 30290 MB/s
[   16.880051] raid6: avx2x2   xor() 20713 MB/s
[   16.988469] raid6: avx2x4   gen() 39439 MB/s
[   17.104520] raid6: avx2x4   xor() 23392 MB/s
[   17.152306] raid6: using algorithm avx2x4 gen() 39439 MB/s
[   17.224508] raid6: .... xor() 23392 MB/s, rmw enabled
[   17.301805] raid6: using avx2x2 recovery algorithm
[   17.378020] xor: automatically using best checksumming function   avx       
[   17.641884] async_tx: api initialized (async)
done.
Begin: Running /scripts/init-premount ... done.
Begin: Mounting root file system ... Begin: Running /scripts/local-top ... done.
Begin: Running /scripts/local-premount ... [   17.846029] Btrfs loaded, crc32c=crc32c-intel
Scanning for Btrfs filesystems
done.
Warning: fsck not present, so sk[   17.876468] EXT4-fs (sda1): mounted filesystem with ordered data mode. Opts: (null)
ipping root file system
done.
Begin: Running /scripts/local-bottom ... done.
Begin: Running /scripts/init-bottom ... done.
[   18.049141] ip_tables: (C) 2000-2006 Netfilter Core Team
[   18.057074] systemd[1]: systemd 237 running in system mode. (+PAM +AUDIT +SELINUX +IMA +APPARMOR +SMACK +SYSVINIT +UTMP +LIBCRYPTSETUP +GCRYPT +GNUTLS +ACL +XZ +LZ4 +SECCOMP +BLKID +ELFUTILS +KMOD -IDN2 +IDN -PCRE2 default-hierarchy=hybrid)
[   18.061060] systemd[1]: Detected virtualization oracle.
[   18.062035] systemd[1]: Detected architecture x86-64.

Welcome to [1mUbuntu 18.04.3 LTS[0m!

[   18.101423] systemd[1]: Set hostname to <ubuntu-bionic>.
[   18.418962] systemd[1]: Set up automount Arbitrary Executable File Formats File System Automount Point.
[[0;32m  OK  [0m] Set up automount Arbitrary Executab…rmats File System Automount Point.
[   18.424931] systemd[1]: Created slice User and Session Slice.
[[0;32m  OK  [0m] Created slice User and Session Slice.
[   18.427379] systemd[1]: Started Forward Password Requests to Wall Directory Watch.
[[0;32m  OK  [0m] Started Forward Password Requests to Wall Directory Watch.
[   18.430691] systemd[1]: Created slice System Slice.
[[0;32m  OK  [0m] Created slice System Slice.
[   18.432937] systemd[1]: Listening on udev Control Socket.
[[0;32m  OK  [0m] Listening on udev Control Socket.
[   18.669368] systemd[1]: Listening on /dev/initctl Compatibility Named Pipe.
[[0;32m  OK  [0m] Listening on /dev/initctl Compatibility Named Pipe.
[[0;32m  OK  [0m] Listening on udev Kernel Socket.
[[0;32m  OK  [0m] Listening on Network Service Netlink Socket.
[[0;32m  OK  [0m] Listening on Journal Socket.
         Mounting Huge Pages File System...
         Starting Create list of required st…ce nodes for the current kernel...
         Starting Set the console keyboard layout...
         Starting Load Kernel Modules...
[[0;32m  OK  [0m] Listening on Journal Socket (/dev/log).
[[0;32m  OK  [0m] Created slice system-serial\x2dgetty.slice.
[[0;32m  OK  [0m] Listening on LVM2 metadata daemon socket.
         Starting Remount Root and Kernel File Systems...
         Starting udev Coldplug all Devices...
[[0;32m  OK  [0m] Reached target User and Group Na[   19.023528] Loading iSCSI transport class v2.0-870.
me Lookups.
[   19.122995] EXT4-fs (sda1): re-mounted. Opts: (null)
         Mounting POSIX M[   19.346461] iscsi: registered transport (tcp)
essage Queue File System...
[[0;32m  OK  [0m] Listening on LVM2 poll daemon socket.
[[0;32m  OK  [0m] Reached target Swap.
[[0;32m  OK  [0m] Reached target Slices.
[[0;32m  OK  [0m] Listening on Syslog Socket.
         Starting Uncomplicated firewall...
[[0;32m  OK  [0m] Listening on Journal Audit So[   19.472610] iscsi: registered transport (iser)
cket.
         Starting Journal Service...
[[0;32m  OK  [0m] Reached target System Time Synchronized.
         Mounting Kernel Debug File System...
[[0;32m  OK  [0m] Listening on Device-mapper event daemon FIFOs.
         Starting Monitoring of LVM2 mirrors…ng dmeventd or progress polling...
[[0;32m  OK  [0m] Started Journal Service.
[[0;32m  OK  [0m] Mounted Huge Pages File System.
[[0;32m  OK  [0m] Started Create list of required sta…vice nodes for the current kernel.
[[0;32m  OK  [0m] Started Load Kernel Modules.
[[0;32m  OK  [0m] Started Remount Root and Kernel File Systems.
[[0;32m  OK  [0m] Mounted POSIX Message Queue File System.
[[0;32m  OK  [0m] Started Uncomplicated firewall.
[[0;32m  OK  [0m] Mounted Kernel Debug File System.
[[0;32m  OK  [0m] Started udev Coldplug all Devices.
         Starting Load/Save Random Seed...
         Mounting FUSE Control File System...
         Mounting Kernel Configuration Fi[   19.914485] random: crng init done
[   19.970817] random: 7 urandom warning(s) missed due to ratelimiting
le System...
         Starting Apply Kernel Variables...
         Starting Create Static Device Nodes in /dev...
         Starting Flush Journal to Persistent Storage...
[[0;32m  OK  [0m] Started Load/Save Random Seed.
[[0;32m  OK  [0m] Mounted FUSE Control File System.
[[0;32m  OK  [0m] Mounted Kernel Configuration File System.
[[0;32m  OK  [0m] Started Apply Kernel Variables.
[[0;32m  OK  [0m] Started Create Static Device Nodes in /dev.
[[0;32m  OK  [0m] Started LVM2 metadata daemon.
         Starting udev Kernel Device Manager...
[[0;32m  OK  [0m] Started Monitoring of LVM2 mirrors,…sing dmeventd or progress polling.
[[0;32m  OK  [0m] Started udev Kernel Device Manager.
[[0;32m  OK  [0m] Started Set the console keyboard layout.
[[0;32m  OK  [0m] Started Dispatch Password Requests to Console Directory Watch.
[[0;32m  OK  [0m] Reached target Local Encrypted Volumes.
[[0;32m  OK  [0m] Reached target Local File Systems (Pre).
[[0;32m  OK  [0m] Reached target Local File Systems.
         Starting ebtables ruleset management...
         Starting AppArmor initialization...
         Starting Tell Plymouth To Write Out Runtime Data...
         Starting Set console font and keymap...
[[0;32m  OK  [0m] Started Tell Plymouth To Write Out Runtime Data.
[[0;32m  OK  [0m] Started Set console font and keymap.
[[0;32m  OK  [0m] Started Flush Journal to Persistent Storage.
         Starting Create Volatile Files and Directories...
[[0;32m  OK  [0m] Started Create Volatile Files and Directories.
         Starting Update UTMP about System Boot/Shutdown...
[[0;32m  OK  [0m] Started Update UTMP about System Boot/Shutdown.
[[0;32m  OK  [0m] Started ebtables ruleset management.
[[0;32m  OK  [0m] Found device /dev/ttyS0.
[[0;32m  OK  [0m] Listening on Load/Save RF Kill Switch Status /dev/rfkill Watch.
[[0;32m  OK  [0m] Started AppArmor initialization.
         Starting Initial cloud-init job (pre-networking)...
[   21.812878] cloud-init[556]: Cloud-init v. 19.1-1-gbaa47854-0ubuntu1~18.04.1 running 'init-local' at Wed, 30 Oct 2019 22:20:38 +0000. Up 21.61 seconds.
[[0;32m  OK  [0m] Started Initial cloud-init job (pre-networking).
[[0;32m  OK  [0m] Reached target Network (Pre).
         Starting Network Service...
[[0;32m  OK  [0m] Started Network Service.
         Starting Network Name Resolution...
         Starting Wait for Network to be Configured...
[[0;32m  OK  [0m] Started Network Name Resolution.
[[0;32m  OK  [0m] Reached target Host and Network Name Lookups.
[[0;32m  OK  [0m] Reached target Network.
[[0;32m  OK  [0m] Started Wait for Network to be Configured.
         Starting Initial cloud-init job (metadata service crawler)...
[   24.195158] cloud-init[751]: Cloud-init v. 19.1-1-gbaa47854-0ubuntu1~18.04.1 running 'init' at Wed, 30 Oct 2019 22:20:40 +0000. Up 24.06 seconds.
[   24.254355] cloud-init[751]: ci-info: ++++++++++++++++++++++++++++++++++++++Net device info+++++++++++++++++++++++++++++++++++++++
[   24.256510] cloud-init[751]: ci-info: +--------+------+-----------------------------+---------------+--------+-------------------+
[   24.258521] cloud-init[751]: ci-info: | Device |  Up  |           Address           |      Mask     | Scope  |     Hw-Address    |
[   24.272121] cloud-init[751]: ci-info: +--------+------+-----------------------------+---------------+--------+-------------------+
[   24.274175] cloud-init[751]: ci-info: | enp0s3 | True |          10.0.2.15          | 255.255.255.0 | global | 02:cc:50:df:d9:b9 |
[   24.279568] cloud-init[751]: ci-info: | enp0s3 | True |  fe80::cc:50ff:fedf:d9b9/64 |       .       |  link  | 02:cc:50:df:d9:b9 |
[   24.281782] cloud-init[751]: ci-info: | enp0s8 | True |        192.168.33.10        | 255.255.255.0 | global | 08:00:27:91:51:f9 |
[   24.283696] cloud-init[751]: ci-info: | enp0s8 | True | fe80::a00:27ff:fe91:51f9/64 |       .       |  link  | 08:00:27:91:51:f9 |
[   24.285608] cloud-init[751]: ci-info: |   lo   | True |          127.0.0.1          |   255.0.0.0   |  host  |         .         |
[   24.287500] cloud-init[751]: ci-info: |   lo   | True |           ::1/128           |       .       |  host  |         .         |
[   24.299513] cloud-init[751]: ci-info: +--------+------+-----------------------------+---------------+--------+-------------------+
[   24.348386] cloud-init[751]: ci-info: +++++++++++++++++++++++++++++Route IPv4 info+++++++++++++++++++++++++++++
[[0;32m  OK  [0m[   24.412401] cloud-init[751]: ci-info: +-------+--------------+----------+-----------------+-----------+-------+
[   24.413182] cloud-init[751]: ci-info: | Route | Destination  | Gateway  |     Genmask     | Interface | Flags |
[   24.413575] cloud-init[751]: ci-info: +-------+--------------+----------+-----------------+-----------+-------+
[   24.413949] cloud-init[751]: ci-info: |   0   |   0.0.0.0    | 10.0.2.2 |     0.0.0.0     |   enp0s3  |   UG  |
] Started Initial cloud-init job (metadata service crawler).
[   24.414482] cloud-init[751]: ci-info: |   1   |   10.0.2.0   | 0.0.0.0  |  255.255.255.0  |   enp0s3  |   U   |
[   24.430185] cloud-init[751]: ci-info: |   2   |   10.0.2.2   | 0.0.0.0  | 255.255.255.255 |   enp0s3  |   UH  |
[[   24.437118] cloud-init[751]: ci-info: |   3   | 192.168.33.0 | 0.0.0.0  |  255.255.255.0  |   enp0s8  |   U   |
[   24.437271] cloud-init[751]: ci-info: +-------+--------------+----------+-----------------+-----------+-------+
[   24.438433] cloud-init[751]: ci-info: +++++++++++++++++++Route IPv6 info+++++++++++++++++++
[   24.438797] cloud-init[751]: ci-info: +-------+-------------+---------+-----------+-------+
[   24.439133] cloud-init[751]: ci-info: | Route | Destination | Gateway | Interface | Flags |
[   24.439797] cloud-init[751]: ci-info: +-------+-------------+---------+-----------+-------+
[   24.440498] cloud-init[751]: ci-info: |   1   |  fe80::/64  |    ::   |   enp0s8  |   U   |
[   24.440772] cloud-init[751]: ci-info: |   2   |  fe80::/64  |    ::   |   enp0s3  |   U   |
[   24.441108] cloud-init[751]: ci-info: |   4   |    local    |    ::   |   enp0s3  |   U   |
[   24.441432] cloud-init[751]: ci-info: |   5   |    local    |    ::   |   enp0s8  |   U   |
[   24.441782] cloud-init[751]: ci-info: |   6   |   ff00::/8  |    ::   |   enp0s8  |   U   |
[   24.442132] cloud-init[751]: ci-info: |   7   |   ff00::/8  |    ::   |   enp0s3  |   U   |
[   24.442502] cloud-init[751]: ci-info: +-------+-------------+---------+-----------+-------+
[0;32m  OK  [0m] Reached target Cloud-config availability.
[[0;32m  OK  [0m] Reached target Network is Online.
         Starting Availability of block devices...
[[0;32m  OK  [0m] Reached target Remote File Systems (Pre).
[[0;32m  OK  [0m] Reached target Remote File Systems.
[[0;32m  OK  [0m] Reached target System Initialization.
[[0;32m  OK  [0m] Started Daily apt download activities.
[[0;32m  OK  [0m] Started Daily Cleanup of Temporary Directories.
[[0;32m  OK  [0m] Listening on ACPID Listen Socket.
[[0;32m  OK  [0m] Listening on Open-iSCSI iscsid Socket.
[[0;32m  OK  [0m] Started Message of the Day.
[[0;32m  OK  [0m] Started Discard unused blocks once a week.
[[0;32m  OK  [0m] Started ACPI Events Check.
[[0;32m  OK  [0m] Started Daily apt upgrade and clean activities.
[[0;32m  OK  [0m] Reached target Timers.
         Starting LXD - unix socket.
[[0;32m  OK  [0m] Reached target Paths.
[[0;32m  OK  [0m] Listening on UUID daemon activation socket.
         Starting Socket activation for snappy daemon.
[[0;32m  OK  [0m] Listening on D-Bus System Message Bus Socket.
[[0;32m  OK  [0m] Started Availability of block devices.
[[0;32m  OK  [0m] Listening on LXD - unix socket.
[[0;32m  OK  [0m] Listening on Socket activation for snappy daemon.
[[0;32m  OK  [0m] Reached target Sockets.
[[0;32m  OK  [0m] Reached target Basic System.
         Starting LSB: automatic crash report generation...
         Starting Permit User Sessions...
         Starting Dispatcher daemon for systemd-networkd...
         Starting vboxadd.service...
         Starting LSB: Record successful boot for GRUB...
[[0;32m  OK  [0m] Started D-Bus System Message Bus.
         Starting Accounts Service...
         Starting OpenBSD Secure Shell server...
         Starting LXD - container startup/shutdown...
[[0;32m  OK  [0m] Started irqbalance daemon.
[[0;32m  OK  [0m] Started Regular background program processing daemon.
         Starting Login Service...
         Starting Snappy daemon...
         Starting System Logging Service...
[[0;32m  OK  [0m] Started FUSE filesystem for LXC.
[[0;32m  OK  [0m] Started Deferred execution scheduler.
[[0;32m  OK  [0m] Started Dispatcher daemon for systemd-networkd.
[[0;32m  OK  [0m] Started Permit User Sessions.
[[0;32m  OK  [0m] Started LXD - container startup/shutdown.
[[0;32m  OK  [0m] Started OpenBSD Secure Shell server.
[[0;32m  OK  [0m] Started System Logging Service.
[[0;32m  OK  [0m] Started Login Service.
[[0;32m  OK  [0m] Started Unattended Upgrades Shutdown.
         Starting Authorization Manager...
         Starting Terminate Plymouth Boot Screen...
         Starting Hold until boot process finishes up...
[[0;32m  OK  [0m] Started Hold until boot process finishes up.
[[0;32m  OK  [0m] Started Serial Getty on ttyS0.
         Starting Set console scheme...
[[0;32m  OK  [0m] Started Terminate Plymouth Boot Screen.
[[0;32m  OK  [0m] Started Set console scheme.
[[0;32m  OK  [0m] Started LSB: automatic crash report generation.
[[0;32m  OK  [0m] Started Authorization Manager.
[[0;32m  OK  [0m] Started Accounts Service.
[[0;32m  OK  [0m] Created slice system-getty.slice.
[[0;32m  OK  [0m] Started Getty on tty1.
[[0;32m  OK  [0m] Reached target Login Prompts.
[[0;32m  OK  [0m] Started LSB: Record successful boot for GRUB.
[[0;32m  OK  [0m] Created slice User Slice of vagrant.
         Starting User Manager for UID 1000...
[[0;32m  OK  [0m] Started Session 1 of user vagrant.
[[0;32m  OK  [0m] Started vboxadd.service.
         Starting vboxadd-service.service...
[[0;32m  OK  [0m] Started Snappy daemon.
         Starting Wait until snapd is fully seeded...
[[0;32m  OK  [0m] Started vboxadd-service.service.
[[0;32m  OK  [0m] Started User Manager for UID 1000.
[[0;32m  OK  [0m] Started Wait until snapd is fully seeded.
         Starting Apply the settings specified in cloud-config...
[[0;32m  OK  [0m] Reached target Multi-User System.
[[0;32m  OK  [0m] Reached target Graphical Interface.
         Starting Update UTMP about System Runlevel Changes...
[[0;32m  OK  [0m] Started Update UTMP about System Runlevel Changes.
[   26.472188] cloud-init[1230]: Cloud-init v. 19.1-1-gbaa47854-0ubuntu1~18.04.1 running 'modules:config' at Wed, 30 Oct 2019 22:20:42 +0000. Up 26.32 seconds.
[[0;32m  OK  [0m] Started Apply the settings specified in cloud-config.
         Starting Execute cloud user/final scripts...
[   26.950683] cloud-init[1305]: Cloud-init v. 19.1-1-gbaa47854-0ubuntu1~18.04.1 running 'modules:final' at Wed, 30 Oct 2019 22:20:43 +0000. Up 26.86 seconds.
[   26.954378] cloud-init[1305]: Cloud-init v. 19.1-1-gbaa47854-0ubuntu1~18.04.1 finished at Wed, 30 Oct 2019 22:20:43 +0000. Datasource DataSourceNoCloud [seed=/dev/sdb][dsmode=net].  Up 26.94 seconds
[[0;32m  OK  [0m] Started Execute cloud user/final scripts.
[[0;32m  OK  [0m] Reached target Cloud-init target.

Ubuntu 18.04.3 LTS ubuntu-bionic ttyS0

ubuntu-bionic login: 